2025-06-04 21:33:36 [background-preinit] INFO  o.h.validator.internal.util.Version - HV000001: Hibernate Validator 6.2.5.Final
2025-06-04 21:33:36 [main] INFO  c.a.h.t.H.HealthTrackingApplication - Starting HealthTrackingApplication using Java 11.0.27 on hade267 with PID 14396 (C:\Users\nam26\Documents\DoAn_App_TheoDoi_SucKhoe\HealthTracking\target\classes started by nam26 in C:\Users\nam26\Documents\DoAn_App_TheoDoi_SucKhoe\HealthTracking)
2025-06-04 21:33:36 [main] INFO  c.a.h.t.H.HealthTrackingApplication - No active profile set, falling back to 1 default profile: "default"
2025-06-04 21:33:36 [main] INFO  o.s.d.r.c.RepositoryConfigurationDelegate - Bootstrapping Spring Data JPA repositories in DEFAULT mode.
2025-06-04 21:33:36 [main] INFO  o.s.d.r.c.RepositoryConfigurationDelegate - Finished Spring Data repository scanning in 42 ms. Found 3 JPA repository interfaces.
2025-06-04 21:33:37 [main] INFO  o.s.b.w.e.tomcat.TomcatWebServer - Tomcat initialized with port(s): 8080 (http)
2025-06-04 21:33:37 [main] INFO  o.a.coyote.http11.Http11NioProtocol - Initializing ProtocolHandler ["http-nio-8080"]
2025-06-04 21:33:37 [main] INFO  o.a.catalina.core.StandardService - Starting service [Tomcat]
2025-06-04 21:33:37 [main] INFO  o.a.catalina.core.StandardEngine - Starting Servlet engine: [Apache Tomcat/9.0.68]
2025-06-04 21:33:37 [main] INFO  o.a.c.c.C.[Tomcat].[localhost].[/] - Initializing Spring embedded WebApplicationContext
2025-06-04 21:33:37 [main] INFO  o.s.b.w.s.c.ServletWebServerApplicationContext - Root WebApplicationContext: initialization completed in 1248 ms
2025-06-04 21:33:37 [main] INFO  o.h.jpa.internal.util.LogHelper - HHH000204: Processing PersistenceUnitInfo [name: default]
2025-06-04 21:33:37 [main] INFO  org.hibernate.Version - HHH000412: Hibernate ORM core version 5.6.12.Final
2025-06-04 21:33:37 [main] INFO  o.h.annotations.common.Version - HCANN000001: Hibernate Commons Annotations {5.1.2.Final}
2025-06-04 21:33:37 [main] INFO  com.zaxxer.hikari.HikariDataSource - HikariPool-1 - Starting...
2025-06-04 21:33:37 [main] INFO  com.zaxxer.hikari.HikariDataSource - HikariPool-1 - Start completed.
2025-06-04 21:33:37 [main] INFO  org.hibernate.dialect.Dialect - HHH000400: Using dialect: org.hibernate.dialect.MySQL8Dialect
2025-06-04 21:33:38 [main] INFO  o.h.e.t.j.p.i.JtaPlatformInitiator - HHH000490: Using JtaPlatform implementation: [org.hibernate.engine.transaction.jta.platform.internal.NoJtaPlatform]
2025-06-04 21:33:38 [main] INFO  o.s.o.j.LocalContainerEntityManagerFactoryBean - Initialized JPA EntityManagerFactory for persistence unit 'default'
2025-06-04 21:33:38 [main] WARN  o.s.b.a.o.j.JpaBaseConfiguration$JpaWebConfiguration - spring.jpa.open-in-view is enabled by default. Therefore, database queries may be performed during view rendering. Explicitly configure spring.jpa.open-in-view to disable this warning
2025-06-04 21:33:38 [main] WARN  o.s.b.a.s.s.UserDetailsServiceAutoConfiguration - 

Using generated security password: 175cb9b1-662e-44f9-9ef6-193c9c6eefba

This generated password is for development use only. Your security configuration must be updated before running your application in production.

2025-06-04 21:33:39 [main] INFO  o.s.s.web.DefaultSecurityFilterChain - Will secure any request with [org.springframework.security.web.session.DisableEncodeUrlFilter@240df292, org.springframework.security.web.context.request.async.WebAsyncManagerIntegrationFilter@333efb51, org.springframework.security.web.context.SecurityContextPersistenceFilter@1ea19c97, org.springframework.security.web.header.HeaderWriterFilter@3539cf45, org.springframework.security.web.authentication.logout.LogoutFilter@129aaac1, com.app.health.tracking.HealthTracking.jwt.AccessLoggingFilter@27abb6ca, com.app.health.tracking.HealthTracking.jwt.TokenValidationFilter@87fc0fc, org.springframework.security.web.savedrequest.RequestCacheAwareFilter@52dd1be2, org.springframework.security.web.servletapi.SecurityContextHolderAwareRequestFilter@57ab4b33, org.springframework.security.web.authentication.AnonymousAuthenticationFilter@2c451c4a, org.springframework.security.web.session.SessionManagementFilter@7d563c13, org.springframework.security.web.access.ExceptionTranslationFilter@6f69e2d8, org.springframework.security.web.access.intercept.FilterSecurityInterceptor@7348e75e]
2025-06-04 21:33:40 [main] WARN  o.s.b.a.t.ThymeleafAutoConfiguration$DefaultTemplateResolverConfiguration - Cannot find template location: classpath:/templates/ (please add some templates, check your Thymeleaf configuration, or set spring.thymeleaf.check-template-location=false)
2025-06-04 21:33:40 [main] INFO  o.a.coyote.http11.Http11NioProtocol - Starting ProtocolHandler ["http-nio-8080"]
2025-06-04 21:33:40 [main] INFO  o.s.b.w.e.tomcat.TomcatWebServer - Tomcat started on port(s): 8080 (http) with context path ''
2025-06-04 21:33:40 [main] INFO  c.a.h.t.H.HealthTrackingApplication - Started HealthTrackingApplication in 5.166 seconds (JVM running for 6.278)
2025-06-04 21:34:37 [http-nio-8080-exec-1] INFO  o.a.c.c.C.[Tomcat].[localhost].[/] - Initializing Spring DispatcherServlet 'dispatcherServlet'
2025-06-04 21:34:37 [http-nio-8080-exec-1] INFO  o.s.web.servlet.DispatcherServlet - Initializing Servlet 'dispatcherServlet'
2025-06-04 21:34:37 [http-nio-8080-exec-1] INFO  o.s.web.servlet.DispatcherServlet - Completed initialization in 1 ms
2025-06-04 21:34:37 [http-nio-8080-exec-1] ERROR c.a.h.t.H.jwt.TokenValidationFilter - Missing or invalid Authorization header for request to: /
2025-06-04 21:34:43 [http-nio-8080-exec-2] ERROR c.a.h.t.H.jwt.TokenValidationFilter - Missing or invalid Authorization header for request to: /api/auth
2025-06-04 21:35:04 [http-nio-8080-exec-3] INFO  c.a.h.t.H.service.AuthService - Successfully logged in user: hade267 with new refresh token
2025-06-04 21:36:06 [http-nio-8080-exec-6] ERROR c.a.h.t.H.jwt.TokenValidationFilter - Missing or invalid Authorization header for request to: /api/
2025-06-04 21:38:14 [http-nio-8080-exec-8] INFO  c.a.h.t.H.service.AuthService - Successfully logged in user: hade267 with new refresh token
2025-06-04 21:44:44 [http-nio-8080-exec-10] INFO  c.a.h.t.H.c.HealthDataController - Successfully fetched details for userId: 1
2025-06-04 21:45:29 [http-nio-8080-exec-1] INFO  c.a.h.t.H.c.HealthDataController - Successfully fetched details for userId: 1
2025-06-04 21:45:53 [http-nio-8080-exec-3] INFO  c.a.h.t.H.c.HealthDataController - Successfully fetched details for userId: 1
2025-06-04 21:46:14 [http-nio-8080-exec-4] INFO  c.a.h.t.H.c.HealthDataController - Successfully fetched details for userId: 1
2025-06-04 21:46:20 [SpringApplicationShutdownHook] INFO  o.s.o.j.LocalContainerEntityManagerFactoryBean - Closing JPA EntityManagerFactory for persistence unit 'default'
2025-06-04 21:46:20 [SpringApplicationShutdownHook] INFO  com.zaxxer.hikari.HikariDataSource - HikariPool-1 - Shutdown initiated...
2025-06-04 21:46:20 [SpringApplicationShutdownHook] INFO  com.zaxxer.hikari.HikariDataSource - HikariPool-1 - Shutdown completed.
2025-06-04 21:46:23 [background-preinit] INFO  o.h.validator.internal.util.Version - HV000001: Hibernate Validator 6.2.5.Final
2025-06-04 21:46:23 [main] INFO  c.a.h.t.H.HealthTrackingApplication - Starting HealthTrackingApplication using Java 11.0.27 on hade267 with PID 12188 (C:\Users\nam26\Documents\DoAn_App_TheoDoi_SucKhoe\HealthTracking\target\classes started by nam26 in C:\Users\nam26\Documents\DoAn_App_TheoDoi_SucKhoe\HealthTracking)
2025-06-04 21:46:23 [main] INFO  c.a.h.t.H.HealthTrackingApplication - No active profile set, falling back to 1 default profile: "default"
2025-06-04 21:46:24 [main] INFO  o.s.d.r.c.RepositoryConfigurationDelegate - Bootstrapping Spring Data JPA repositories in DEFAULT mode.
2025-06-04 21:46:24 [main] INFO  o.s.d.r.c.RepositoryConfigurationDelegate - Finished Spring Data repository scanning in 41 ms. Found 3 JPA repository interfaces.
2025-06-04 21:46:24 [main] INFO  o.s.b.w.e.tomcat.TomcatWebServer - Tomcat initialized with port(s): 8080 (http)
2025-06-04 21:46:24 [main] INFO  o.a.coyote.http11.Http11NioProtocol - Initializing ProtocolHandler ["http-nio-8080"]
2025-06-04 21:46:24 [main] INFO  o.a.catalina.core.StandardService - Starting service [Tomcat]
2025-06-04 21:46:24 [main] INFO  o.a.catalina.core.StandardEngine - Starting Servlet engine: [Apache Tomcat/9.0.68]
2025-06-04 21:46:24 [main] INFO  o.a.c.c.C.[Tomcat].[localhost].[/] - Initializing Spring embedded WebApplicationContext
2025-06-04 21:46:24 [main] INFO  o.s.b.w.s.c.ServletWebServerApplicationContext - Root WebApplicationContext: initialization completed in 1225 ms
2025-06-04 21:46:24 [main] INFO  o.h.jpa.internal.util.LogHelper - HHH000204: Processing PersistenceUnitInfo [name: default]
2025-06-04 21:46:24 [main] INFO  org.hibernate.Version - HHH000412: Hibernate ORM core version 5.6.12.Final
2025-06-04 21:46:24 [main] INFO  o.h.annotations.common.Version - HCANN000001: Hibernate Commons Annotations {5.1.2.Final}
2025-06-04 21:46:24 [main] INFO  com.zaxxer.hikari.HikariDataSource - HikariPool-1 - Starting...
2025-06-04 21:46:25 [main] INFO  com.zaxxer.hikari.HikariDataSource - HikariPool-1 - Start completed.
2025-06-04 21:46:25 [main] INFO  org.hibernate.dialect.Dialect - HHH000400: Using dialect: org.hibernate.dialect.MySQL8Dialect
2025-06-04 21:46:25 [main] INFO  o.h.e.t.j.p.i.JtaPlatformInitiator - HHH000490: Using JtaPlatform implementation: [org.hibernate.engine.transaction.jta.platform.internal.NoJtaPlatform]
2025-06-04 21:46:25 [main] INFO  o.s.o.j.LocalContainerEntityManagerFactoryBean - Initialized JPA EntityManagerFactory for persistence unit 'default'
2025-06-04 21:46:26 [main] WARN  o.s.b.a.o.j.JpaBaseConfiguration$JpaWebConfiguration - spring.jpa.open-in-view is enabled by default. Therefore, database queries may be performed during view rendering. Explicitly configure spring.jpa.open-in-view to disable this warning
2025-06-04 21:46:26 [main] WARN  o.s.b.a.s.s.UserDetailsServiceAutoConfiguration - 

Using generated security password: 3792abb5-3ce0-4de3-86ba-9cea1761f1b3

This generated password is for development use only. Your security configuration must be updated before running your application in production.

2025-06-04 21:46:26 [main] INFO  o.s.s.web.DefaultSecurityFilterChain - Will secure any request with [org.springframework.security.web.session.DisableEncodeUrlFilter@271a140c, org.springframework.security.web.context.request.async.WebAsyncManagerIntegrationFilter@74c23525, org.springframework.security.web.context.SecurityContextPersistenceFilter@57ab4b33, org.springframework.security.web.header.HeaderWriterFilter@14e83c9d, org.springframework.security.web.authentication.logout.LogoutFilter@6e225c34, com.app.health.tracking.HealthTracking.jwt.AccessLoggingFilter@e784320, com.app.health.tracking.HealthTracking.jwt.TokenValidationFilter@7c8b37a8, org.springframework.security.web.savedrequest.RequestCacheAwareFilter@46d51d5e, org.springframework.security.web.servletapi.SecurityContextHolderAwareRequestFilter@495f7ca4, org.springframework.security.web.authentication.AnonymousAuthenticationFilter@176054b7, org.springframework.security.web.session.SessionManagementFilter@10508ba6, org.springframework.security.web.access.ExceptionTranslationFilter@1b06dc57, org.springframework.security.web.access.intercept.FilterSecurityInterceptor@418bdde9]
2025-06-04 21:46:26 [main] WARN  o.s.b.a.t.ThymeleafAutoConfiguration$DefaultTemplateResolverConfiguration - Cannot find template location: classpath:/templates/ (please add some templates, check your Thymeleaf configuration, or set spring.thymeleaf.check-template-location=false)
2025-06-04 21:46:26 [main] INFO  o.a.coyote.http11.Http11NioProtocol - Starting ProtocolHandler ["http-nio-8080"]
2025-06-04 21:46:26 [main] INFO  o.s.b.w.e.tomcat.TomcatWebServer - Tomcat started on port(s): 8080 (http) with context path ''
2025-06-04 21:46:26 [main] INFO  c.a.h.t.H.HealthTrackingApplication - Started HealthTrackingApplication in 4.123 seconds (JVM running for 5.487)
2025-06-04 21:46:32 [http-nio-8080-exec-1] INFO  o.a.c.c.C.[Tomcat].[localhost].[/] - Initializing Spring DispatcherServlet 'dispatcherServlet'
2025-06-04 21:46:32 [http-nio-8080-exec-1] INFO  o.s.web.servlet.DispatcherServlet - Initializing Servlet 'dispatcherServlet'
2025-06-04 21:46:32 [http-nio-8080-exec-1] INFO  o.s.web.servlet.DispatcherServlet - Completed initialization in 0 ms
2025-06-04 21:46:32 [http-nio-8080-exec-1] INFO  c.a.h.t.H.c.HealthDataController - Successfully fetched details for userId: 1
2025-06-04 21:46:41 [http-nio-8080-exec-2] INFO  c.a.h.t.H.c.HealthDataController - Successfully fetched details for userId: 1
2025-06-04 21:47:35 [http-nio-8080-exec-3] INFO  c.a.h.t.H.service.AuthService - Successfully registered user: nnhade267 with refresh token
2025-06-04 21:51:56 [http-nio-8080-exec-5] ERROR c.a.h.t.H.jwt.TokenValidationFilter - Invalid token provided for request to: /api/users/me
2025-06-04 21:56:55 [http-nio-8080-exec-2] INFO  c.a.h.t.H.service.AuthService - Successfully registered user: nnhade2677 with refresh token
2025-06-04 21:56:56 [http-nio-8080-exec-3] INFO  c.a.h.t.H.service.AuthService - Successfully logged in user: nnhade2677 with new refresh token
2025-06-04 21:59:23 [http-nio-8080-exec-1] INFO  c.a.h.t.H.service.AuthService - Successfully logged in user: nnhade2677 with new refresh token
2025-06-04 22:00:06 [http-nio-8080-exec-8] ERROR c.a.h.t.H.e.GlobalExceptionHandler - Unexpected error occurred: Required request body is missing: public com.app.health.tracking.HealthTracking.dto.AuthResponse com.app.health.tracking.HealthTracking.controller.HealthDataController.login(com.app.health.tracking.HealthTracking.dto.AuthRequest)
org.springframework.http.converter.HttpMessageNotReadableException: Required request body is missing: public com.app.health.tracking.HealthTracking.dto.AuthResponse com.app.health.tracking.HealthTracking.controller.HealthDataController.login(com.app.health.tracking.HealthTracking.dto.AuthRequest)
	at org.springframework.web.servlet.mvc.method.annotation.RequestResponseBodyMethodProcessor.readWithMessageConverters(RequestResponseBodyMethodProcessor.java:163)
	at org.springframework.web.servlet.mvc.method.annotation.RequestResponseBodyMethodProcessor.resolveArgument(RequestResponseBodyMethodProcessor.java:133)
	at org.springframework.web.method.support.HandlerMethodArgumentResolverComposite.resolveArgument(HandlerMethodArgumentResolverComposite.java:122)
	at org.springframework.web.method.support.InvocableHandlerMethod.getMethodArgumentValues(InvocableHandlerMethod.java:179)
	at org.springframework.web.method.support.InvocableHandlerMethod.invokeForRequest(InvocableHandlerMethod.java:146)
	at org.springframework.web.servlet.mvc.method.annotation.ServletInvocableHandlerMethod.invokeAndHandle(ServletInvocableHandlerMethod.java:117)
	at org.springframework.web.servlet.mvc.method.annotation.RequestMappingHandlerAdapter.invokeHandlerMethod(RequestMappingHandlerAdapter.java:895)
	at org.springframework.web.servlet.mvc.method.annotation.RequestMappingHandlerAdapter.handleInternal(RequestMappingHandlerAdapter.java:808)
	at org.springframework.web.servlet.mvc.method.AbstractHandlerMethodAdapter.handle(AbstractHandlerMethodAdapter.java:87)
	at org.springframework.web.servlet.DispatcherServlet.doDispatch(DispatcherServlet.java:1071)
	at org.springframework.web.servlet.DispatcherServlet.doService(DispatcherServlet.java:964)
	at org.springframework.web.servlet.FrameworkServlet.processRequest(FrameworkServlet.java:1006)
	at org.springframework.web.servlet.FrameworkServlet.doPost(FrameworkServlet.java:909)
	at javax.servlet.http.HttpServlet.service(HttpServlet.java:696)
	at org.springframework.web.servlet.FrameworkServlet.service(FrameworkServlet.java:883)
	at javax.servlet.http.HttpServlet.service(HttpServlet.java:779)
	at org.apache.catalina.core.ApplicationFilterChain.internalDoFilter(ApplicationFilterChain.java:227)
	at org.apache.catalina.core.ApplicationFilterChain.doFilter(ApplicationFilterChain.java:162)
	at org.apache.tomcat.websocket.server.WsFilter.doFilter(WsFilter.java:53)
	at org.apache.catalina.core.ApplicationFilterChain.internalDoFilter(ApplicationFilterChain.java:189)
	at org.apache.catalina.core.ApplicationFilterChain.doFilter(ApplicationFilterChain.java:162)
	at org.springframework.web.filter.OncePerRequestFilter.doFilter(OncePerRequestFilter.java:111)
	at org.apache.catalina.core.ApplicationFilterChain.internalDoFilter(ApplicationFilterChain.java:189)
	at org.apache.catalina.core.ApplicationFilterChain.doFilter(ApplicationFilterChain.java:162)
	at org.springframework.web.filter.OncePerRequestFilter.doFilter(OncePerRequestFilter.java:111)
	at org.apache.catalina.core.ApplicationFilterChain.internalDoFilter(ApplicationFilterChain.java:189)
	at org.apache.catalina.core.ApplicationFilterChain.doFilter(ApplicationFilterChain.java:162)
	at org.springframework.web.servlet.resource.ResourceUrlEncodingFilter.doFilter(ResourceUrlEncodingFilter.java:67)
	at org.apache.catalina.core.ApplicationFilterChain.internalDoFilter(ApplicationFilterChain.java:189)
	at org.apache.catalina.core.ApplicationFilterChain.doFilter(ApplicationFilterChain.java:162)
	at org.springframework.security.web.FilterChainProxy$VirtualFilterChain.doFilter(FilterChainProxy.java:337)
	at org.springframework.security.web.access.intercept.FilterSecurityInterceptor.invoke(FilterSecurityInterceptor.java:115)
	at org.springframework.security.web.access.intercept.FilterSecurityInterceptor.doFilter(FilterSecurityInterceptor.java:81)
	at org.springframework.security.web.FilterChainProxy$VirtualFilterChain.doFilter(FilterChainProxy.java:346)
	at org.springframework.security.web.access.ExceptionTranslationFilter.doFilter(ExceptionTranslationFilter.java:122)
	at org.springframework.security.web.access.ExceptionTranslationFilter.doFilter(ExceptionTranslationFilter.java:116)
	at org.springframework.security.web.FilterChainProxy$VirtualFilterChain.doFilter(FilterChainProxy.java:346)
	at org.springframework.security.web.session.SessionManagementFilter.doFilter(SessionManagementFilter.java:126)
	at org.springframework.security.web.session.SessionManagementFilter.doFilter(SessionManagementFilter.java:81)
	at org.springframework.security.web.FilterChainProxy$VirtualFilterChain.doFilter(FilterChainProxy.java:346)
	at org.springframework.security.web.authentication.AnonymousAuthenticationFilter.doFilter(AnonymousAuthenticationFilter.java:109)
	at org.springframework.security.web.FilterChainProxy$VirtualFilterChain.doFilter(FilterChainProxy.java:346)
	at org.springframework.security.web.servletapi.SecurityContextHolderAwareRequestFilter.doFilter(SecurityContextHolderAwareRequestFilter.java:149)
	at org.springframework.security.web.FilterChainProxy$VirtualFilterChain.doFilter(FilterChainProxy.java:346)
	at org.springframework.security.web.savedrequest.RequestCacheAwareFilter.doFilter(RequestCacheAwareFilter.java:63)
	at org.springframework.security.web.FilterChainProxy$VirtualFilterChain.doFilter(FilterChainProxy.java:346)
	at com.app.health.tracking.HealthTracking.jwt.TokenValidationFilter.doFilterInternal(TokenValidationFilter.java:35)
	at org.springframework.web.filter.OncePerRequestFilter.doFilter(OncePerRequestFilter.java:117)
	at org.springframework.security.web.FilterChainProxy$VirtualFilterChain.doFilter(FilterChainProxy.java:346)
	at com.app.health.tracking.HealthTracking.jwt.AccessLoggingFilter.doFilterInternal(AccessLoggingFilter.java:50)
	at org.springframework.web.filter.OncePerRequestFilter.doFilter(OncePerRequestFilter.java:117)
	at org.springframework.security.web.FilterChainProxy$VirtualFilterChain.doFilter(FilterChainProxy.java:346)
	at org.springframework.security.web.authentication.logout.LogoutFilter.doFilter(LogoutFilter.java:103)
	at org.springframework.security.web.authentication.logout.LogoutFilter.doFilter(LogoutFilter.java:89)
	at org.springframework.security.web.FilterChainProxy$VirtualFilterChain.doFilter(FilterChainProxy.java:346)
	at org.springframework.security.web.header.HeaderWriterFilter.doHeadersAfter(HeaderWriterFilter.java:90)
	at org.springframework.security.web.header.HeaderWriterFilter.doFilterInternal(HeaderWriterFilter.java:75)
	at org.springframework.web.filter.OncePerRequestFilter.doFilter(OncePerRequestFilter.java:117)
	at org.springframework.security.web.FilterChainProxy$VirtualFilterChain.doFilter(FilterChainProxy.java:346)
	at org.springframework.security.web.context.SecurityContextPersistenceFilter.doFilter(SecurityContextPersistenceFilter.java:112)
	at org.springframework.security.web.context.SecurityContextPersistenceFilter.doFilter(SecurityContextPersistenceFilter.java:82)
	at org.springframework.security.web.FilterChainProxy$VirtualFilterChain.doFilter(FilterChainProxy.java:346)
	at org.springframework.security.web.context.request.async.WebAsyncManagerIntegrationFilter.doFilterInternal(WebAsyncManagerIntegrationFilter.java:55)
	at org.springframework.web.filter.OncePerRequestFilter.doFilter(OncePerRequestFilter.java:117)
	at org.springframework.security.web.FilterChainProxy$VirtualFilterChain.doFilter(FilterChainProxy.java:346)
	at org.springframework.security.web.session.DisableEncodeUrlFilter.doFilterInternal(DisableEncodeUrlFilter.java:42)
	at org.springframework.web.filter.OncePerRequestFilter.doFilter(OncePerRequestFilter.java:117)
	at org.springframework.security.web.FilterChainProxy$VirtualFilterChain.doFilter(FilterChainProxy.java:346)
	at org.springframework.security.web.FilterChainProxy.doFilterInternal(FilterChainProxy.java:221)
	at org.springframework.security.web.FilterChainProxy.doFilter(FilterChainProxy.java:186)
	at org.springframework.web.filter.DelegatingFilterProxy.invokeDelegate(DelegatingFilterProxy.java:354)
	at org.springframework.web.filter.DelegatingFilterProxy.doFilter(DelegatingFilterProxy.java:267)
	at org.apache.catalina.core.ApplicationFilterChain.internalDoFilter(ApplicationFilterChain.java:189)
	at org.apache.catalina.core.ApplicationFilterChain.doFilter(ApplicationFilterChain.java:162)
	at org.springframework.web.filter.RequestContextFilter.doFilterInternal(RequestContextFilter.java:100)
	at org.springframework.web.filter.OncePerRequestFilter.doFilter(OncePerRequestFilter.java:117)
	at org.apache.catalina.core.ApplicationFilterChain.internalDoFilter(ApplicationFilterChain.java:189)
	at org.apache.catalina.core.ApplicationFilterChain.doFilter(ApplicationFilterChain.java:162)
	at org.springframework.web.filter.FormContentFilter.doFilterInternal(FormContentFilter.java:93)
	at org.springframework.web.filter.OncePerRequestFilter.doFilter(OncePerRequestFilter.java:117)
	at org.apache.catalina.core.ApplicationFilterChain.internalDoFilter(ApplicationFilterChain.java:189)
	at org.apache.catalina.core.ApplicationFilterChain.doFilter(ApplicationFilterChain.java:162)
	at org.springframework.web.filter.CharacterEncodingFilter.doFilterInternal(CharacterEncodingFilter.java:201)
	at org.springframework.web.filter.OncePerRequestFilter.doFilter(OncePerRequestFilter.java:117)
	at org.apache.catalina.core.ApplicationFilterChain.internalDoFilter(ApplicationFilterChain.java:189)
	at org.apache.catalina.core.ApplicationFilterChain.doFilter(ApplicationFilterChain.java:162)
	at org.apache.catalina.core.StandardWrapperValve.invoke(StandardWrapperValve.java:197)
	at org.apache.catalina.core.StandardContextValve.invoke(StandardContextValve.java:97)
	at org.apache.catalina.authenticator.AuthenticatorBase.invoke(AuthenticatorBase.java:541)
	at org.apache.catalina.core.StandardHostValve.invoke(StandardHostValve.java:135)
	at org.apache.catalina.valves.ErrorReportValve.invoke(ErrorReportValve.java:92)
	at org.apache.catalina.core.StandardEngineValve.invoke(StandardEngineValve.java:78)
	at org.apache.catalina.connector.CoyoteAdapter.service(CoyoteAdapter.java:360)
	at org.apache.coyote.http11.Http11Processor.service(Http11Processor.java:399)
	at org.apache.coyote.AbstractProcessorLight.process(AbstractProcessorLight.java:65)
	at org.apache.coyote.AbstractProtocol$ConnectionHandler.process(AbstractProtocol.java:893)
	at org.apache.tomcat.util.net.NioEndpoint$SocketProcessor.doRun(NioEndpoint.java:1789)
	at org.apache.tomcat.util.net.SocketProcessorBase.run(SocketProcessorBase.java:49)
	at org.apache.tomcat.util.threads.ThreadPoolExecutor.runWorker(ThreadPoolExecutor.java:1191)
	at org.apache.tomcat.util.threads.ThreadPoolExecutor$Worker.run(ThreadPoolExecutor.java:659)
	at org.apache.tomcat.util.threads.TaskThread$WrappingRunnable.run(TaskThread.java:61)
	at java.base/java.lang.Thread.run(Thread.java:829)
2025-06-04 22:00:14 [http-nio-8080-exec-5] INFO  c.a.h.t.H.service.AuthService - Successfully logged in user: hade267 with new refresh token
2025-06-04 22:00:29 [http-nio-8080-exec-10] INFO  c.a.h.t.H.c.HealthDataController - Successfully fetched 2 health data entries for userId: 1
2025-06-04 22:00:45 [http-nio-8080-exec-1] INFO  c.a.h.t.H.c.HealthDataController - Successfully fetched details for userId: 1
2025-06-04 22:00:57 [http-nio-8080-exec-2] INFO  c.a.h.t.H.service.AuthService - Successfully logged in user: nnhade2677 with new refresh token
2025-06-04 22:01:01 [http-nio-8080-exec-3] INFO  c.a.h.t.H.service.AuthService - Successfully logged in user: nnhade2677 with new refresh token
2025-06-04 22:01:57 [http-nio-8080-exec-8] INFO  c.a.h.t.H.service.AuthService - Successfully logged in user: nnhade2677 with new refresh token
2025-06-04 22:02:37 [http-nio-8080-exec-6] INFO  c.a.h.t.H.service.AuthService - Successfully logged in user: nnhade2677 with new refresh token
2025-06-04 22:02:52 [http-nio-8080-exec-9] INFO  c.a.h.t.H.service.AuthService - Successfully logged in user: nnhade2677 with new refresh token
2025-06-04 22:03:09 [http-nio-8080-exec-10] ERROR c.a.h.t.H.jwt.TokenValidationFilter - Invalid token provided for request to: /api/users/me
2025-06-04 22:03:17 [http-nio-8080-exec-1] ERROR c.a.h.t.H.jwt.TokenValidationFilter - Invalid token provided for request to: /api/users/me
2025-06-04 22:03:56 [http-nio-8080-exec-4] WARN  c.a.h.t.H.service.AuthService - User not found for username: hade2677
2025-06-04 22:03:56 [http-nio-8080-exec-4] ERROR c.a.h.t.H.e.GlobalExceptionHandler - ResponseStatusException occurred: 404 NOT_FOUND "User not found"
org.springframework.web.server.ResponseStatusException: 404 NOT_FOUND "User not found"
	at com.app.health.tracking.HealthTracking.service.AuthService.login(AuthService.java:61)
	at com.app.health.tracking.HealthTracking.controller.HealthDataController.login(HealthDataController.java:318)
	at java.base/jdk.internal.reflect.NativeMethodAccessorImpl.invoke0(Native Method)
	at java.base/jdk.internal.reflect.NativeMethodAccessorImpl.invoke(NativeMethodAccessorImpl.java:62)
	at java.base/jdk.internal.reflect.DelegatingMethodAccessorImpl.invoke(DelegatingMethodAccessorImpl.java:43)
	at java.base/java.lang.reflect.Method.invoke(Method.java:566)
	at org.springframework.web.method.support.InvocableHandlerMethod.doInvoke(InvocableHandlerMethod.java:205)
	at org.springframework.web.method.support.InvocableHandlerMethod.invokeForRequest(InvocableHandlerMethod.java:150)
	at org.springframework.web.servlet.mvc.method.annotation.ServletInvocableHandlerMethod.invokeAndHandle(ServletInvocableHandlerMethod.java:117)
	at org.springframework.web.servlet.mvc.method.annotation.RequestMappingHandlerAdapter.invokeHandlerMethod(RequestMappingHandlerAdapter.java:895)
	at org.springframework.web.servlet.mvc.method.annotation.RequestMappingHandlerAdapter.handleInternal(RequestMappingHandlerAdapter.java:808)
	at org.springframework.web.servlet.mvc.method.AbstractHandlerMethodAdapter.handle(AbstractHandlerMethodAdapter.java:87)
	at org.springframework.web.servlet.DispatcherServlet.doDispatch(DispatcherServlet.java:1071)
	at org.springframework.web.servlet.DispatcherServlet.doService(DispatcherServlet.java:964)
	at org.springframework.web.servlet.FrameworkServlet.processRequest(FrameworkServlet.java:1006)
	at org.springframework.web.servlet.FrameworkServlet.doPost(FrameworkServlet.java:909)
	at javax.servlet.http.HttpServlet.service(HttpServlet.java:696)
	at org.springframework.web.servlet.FrameworkServlet.service(FrameworkServlet.java:883)
	at javax.servlet.http.HttpServlet.service(HttpServlet.java:779)
	at org.apache.catalina.core.ApplicationFilterChain.internalDoFilter(ApplicationFilterChain.java:227)
	at org.apache.catalina.core.ApplicationFilterChain.doFilter(ApplicationFilterChain.java:162)
	at org.apache.tomcat.websocket.server.WsFilter.doFilter(WsFilter.java:53)
	at org.apache.catalina.core.ApplicationFilterChain.internalDoFilter(ApplicationFilterChain.java:189)
	at org.apache.catalina.core.ApplicationFilterChain.doFilter(ApplicationFilterChain.java:162)
	at org.springframework.web.filter.OncePerRequestFilter.doFilter(OncePerRequestFilter.java:111)
	at org.apache.catalina.core.ApplicationFilterChain.internalDoFilter(ApplicationFilterChain.java:189)
	at org.apache.catalina.core.ApplicationFilterChain.doFilter(ApplicationFilterChain.java:162)
	at org.springframework.web.filter.OncePerRequestFilter.doFilter(OncePerRequestFilter.java:111)
	at org.apache.catalina.core.ApplicationFilterChain.internalDoFilter(ApplicationFilterChain.java:189)
	at org.apache.catalina.core.ApplicationFilterChain.doFilter(ApplicationFilterChain.java:162)
	at org.springframework.web.servlet.resource.ResourceUrlEncodingFilter.doFilter(ResourceUrlEncodingFilter.java:67)
	at org.apache.catalina.core.ApplicationFilterChain.internalDoFilter(ApplicationFilterChain.java:189)
	at org.apache.catalina.core.ApplicationFilterChain.doFilter(ApplicationFilterChain.java:162)
	at org.springframework.security.web.FilterChainProxy$VirtualFilterChain.doFilter(FilterChainProxy.java:337)
	at org.springframework.security.web.access.intercept.FilterSecurityInterceptor.invoke(FilterSecurityInterceptor.java:115)
	at org.springframework.security.web.access.intercept.FilterSecurityInterceptor.doFilter(FilterSecurityInterceptor.java:81)
	at org.springframework.security.web.FilterChainProxy$VirtualFilterChain.doFilter(FilterChainProxy.java:346)
	at org.springframework.security.web.access.ExceptionTranslationFilter.doFilter(ExceptionTranslationFilter.java:122)
	at org.springframework.security.web.access.ExceptionTranslationFilter.doFilter(ExceptionTranslationFilter.java:116)
	at org.springframework.security.web.FilterChainProxy$VirtualFilterChain.doFilter(FilterChainProxy.java:346)
	at org.springframework.security.web.session.SessionManagementFilter.doFilter(SessionManagementFilter.java:126)
	at org.springframework.security.web.session.SessionManagementFilter.doFilter(SessionManagementFilter.java:81)
	at org.springframework.security.web.FilterChainProxy$VirtualFilterChain.doFilter(FilterChainProxy.java:346)
	at org.springframework.security.web.authentication.AnonymousAuthenticationFilter.doFilter(AnonymousAuthenticationFilter.java:109)
	at org.springframework.security.web.FilterChainProxy$VirtualFilterChain.doFilter(FilterChainProxy.java:346)
	at org.springframework.security.web.servletapi.SecurityContextHolderAwareRequestFilter.doFilter(SecurityContextHolderAwareRequestFilter.java:149)
	at org.springframework.security.web.FilterChainProxy$VirtualFilterChain.doFilter(FilterChainProxy.java:346)
	at org.springframework.security.web.savedrequest.RequestCacheAwareFilter.doFilter(RequestCacheAwareFilter.java:63)
	at org.springframework.security.web.FilterChainProxy$VirtualFilterChain.doFilter(FilterChainProxy.java:346)
	at com.app.health.tracking.HealthTracking.jwt.TokenValidationFilter.doFilterInternal(TokenValidationFilter.java:35)
	at org.springframework.web.filter.OncePerRequestFilter.doFilter(OncePerRequestFilter.java:117)
	at org.springframework.security.web.FilterChainProxy$VirtualFilterChain.doFilter(FilterChainProxy.java:346)
	at com.app.health.tracking.HealthTracking.jwt.AccessLoggingFilter.doFilterInternal(AccessLoggingFilter.java:50)
	at org.springframework.web.filter.OncePerRequestFilter.doFilter(OncePerRequestFilter.java:117)
	at org.springframework.security.web.FilterChainProxy$VirtualFilterChain.doFilter(FilterChainProxy.java:346)
	at org.springframework.security.web.authentication.logout.LogoutFilter.doFilter(LogoutFilter.java:103)
	at org.springframework.security.web.authentication.logout.LogoutFilter.doFilter(LogoutFilter.java:89)
	at org.springframework.security.web.FilterChainProxy$VirtualFilterChain.doFilter(FilterChainProxy.java:346)
	at org.springframework.security.web.header.HeaderWriterFilter.doHeadersAfter(HeaderWriterFilter.java:90)
	at org.springframework.security.web.header.HeaderWriterFilter.doFilterInternal(HeaderWriterFilter.java:75)
	at org.springframework.web.filter.OncePerRequestFilter.doFilter(OncePerRequestFilter.java:117)
	at org.springframework.security.web.FilterChainProxy$VirtualFilterChain.doFilter(FilterChainProxy.java:346)
	at org.springframework.security.web.context.SecurityContextPersistenceFilter.doFilter(SecurityContextPersistenceFilter.java:112)
	at org.springframework.security.web.context.SecurityContextPersistenceFilter.doFilter(SecurityContextPersistenceFilter.java:82)
	at org.springframework.security.web.FilterChainProxy$VirtualFilterChain.doFilter(FilterChainProxy.java:346)
	at org.springframework.security.web.context.request.async.WebAsyncManagerIntegrationFilter.doFilterInternal(WebAsyncManagerIntegrationFilter.java:55)
	at org.springframework.web.filter.OncePerRequestFilter.doFilter(OncePerRequestFilter.java:117)
	at org.springframework.security.web.FilterChainProxy$VirtualFilterChain.doFilter(FilterChainProxy.java:346)
	at org.springframework.security.web.session.DisableEncodeUrlFilter.doFilterInternal(DisableEncodeUrlFilter.java:42)
	at org.springframework.web.filter.OncePerRequestFilter.doFilter(OncePerRequestFilter.java:117)
	at org.springframework.security.web.FilterChainProxy$VirtualFilterChain.doFilter(FilterChainProxy.java:346)
	at org.springframework.security.web.FilterChainProxy.doFilterInternal(FilterChainProxy.java:221)
	at org.springframework.security.web.FilterChainProxy.doFilter(FilterChainProxy.java:186)
	at org.springframework.web.filter.DelegatingFilterProxy.invokeDelegate(DelegatingFilterProxy.java:354)
	at org.springframework.web.filter.DelegatingFilterProxy.doFilter(DelegatingFilterProxy.java:267)
	at org.apache.catalina.core.ApplicationFilterChain.internalDoFilter(ApplicationFilterChain.java:189)
	at org.apache.catalina.core.ApplicationFilterChain.doFilter(ApplicationFilterChain.java:162)
	at org.springframework.web.filter.RequestContextFilter.doFilterInternal(RequestContextFilter.java:100)
	at org.springframework.web.filter.OncePerRequestFilter.doFilter(OncePerRequestFilter.java:117)
	at org.apache.catalina.core.ApplicationFilterChain.internalDoFilter(ApplicationFilterChain.java:189)
	at org.apache.catalina.core.ApplicationFilterChain.doFilter(ApplicationFilterChain.java:162)
	at org.springframework.web.filter.FormContentFilter.doFilterInternal(FormContentFilter.java:93)
	at org.springframework.web.filter.OncePerRequestFilter.doFilter(OncePerRequestFilter.java:117)
	at org.apache.catalina.core.ApplicationFilterChain.internalDoFilter(ApplicationFilterChain.java:189)
	at org.apache.catalina.core.ApplicationFilterChain.doFilter(ApplicationFilterChain.java:162)
	at org.springframework.web.filter.CharacterEncodingFilter.doFilterInternal(CharacterEncodingFilter.java:201)
	at org.springframework.web.filter.OncePerRequestFilter.doFilter(OncePerRequestFilter.java:117)
	at org.apache.catalina.core.ApplicationFilterChain.internalDoFilter(ApplicationFilterChain.java:189)
	at org.apache.catalina.core.ApplicationFilterChain.doFilter(ApplicationFilterChain.java:162)
	at org.apache.catalina.core.StandardWrapperValve.invoke(StandardWrapperValve.java:197)
	at org.apache.catalina.core.StandardContextValve.invoke(StandardContextValve.java:97)
	at org.apache.catalina.authenticator.AuthenticatorBase.invoke(AuthenticatorBase.java:541)
	at org.apache.catalina.core.StandardHostValve.invoke(StandardHostValve.java:135)
	at org.apache.catalina.valves.ErrorReportValve.invoke(ErrorReportValve.java:92)
	at org.apache.catalina.core.StandardEngineValve.invoke(StandardEngineValve.java:78)
	at org.apache.catalina.connector.CoyoteAdapter.service(CoyoteAdapter.java:360)
	at org.apache.coyote.http11.Http11Processor.service(Http11Processor.java:399)
	at org.apache.coyote.AbstractProcessorLight.process(AbstractProcessorLight.java:65)
	at org.apache.coyote.AbstractProtocol$ConnectionHandler.process(AbstractProtocol.java:893)
	at org.apache.tomcat.util.net.NioEndpoint$SocketProcessor.doRun(NioEndpoint.java:1789)
	at org.apache.tomcat.util.net.SocketProcessorBase.run(SocketProcessorBase.java:49)
	at org.apache.tomcat.util.threads.ThreadPoolExecutor.runWorker(ThreadPoolExecutor.java:1191)
	at org.apache.tomcat.util.threads.ThreadPoolExecutor$Worker.run(ThreadPoolExecutor.java:659)
	at org.apache.tomcat.util.threads.TaskThread$WrappingRunnable.run(TaskThread.java:61)
	at java.base/java.lang.Thread.run(Thread.java:829)
2025-06-04 22:04:04 [http-nio-8080-exec-7] INFO  c.a.h.t.H.service.AuthService - Successfully logged in user: nam123 with new refresh token
2025-06-04 22:04:21 [http-nio-8080-exec-8] INFO  c.a.h.t.H.service.AuthService - Successfully logged in user: nam123 with new refresh token
2025-06-04 22:04:24 [SpringApplicationShutdownHook] INFO  o.s.o.j.LocalContainerEntityManagerFactoryBean - Closing JPA EntityManagerFactory for persistence unit 'default'
2025-06-04 22:04:24 [SpringApplicationShutdownHook] INFO  com.zaxxer.hikari.HikariDataSource - HikariPool-1 - Shutdown initiated...
2025-06-04 22:04:24 [SpringApplicationShutdownHook] INFO  com.zaxxer.hikari.HikariDataSource - HikariPool-1 - Shutdown completed.
2025-06-04 22:04:26 [main] INFO  c.a.h.t.H.HealthTrackingApplication - Starting HealthTrackingApplication using Java 11.0.27 on hade267 with PID 2124 (C:\Users\nam26\Documents\DoAn_App_TheoDoi_SucKhoe\HealthTracking\target\classes started by nam26 in C:\Users\nam26\Documents\DoAn_App_TheoDoi_SucKhoe\HealthTracking)
2025-06-04 22:04:26 [background-preinit] INFO  o.h.validator.internal.util.Version - HV000001: Hibernate Validator 6.2.5.Final
2025-06-04 22:04:26 [main] INFO  c.a.h.t.H.HealthTrackingApplication - No active profile set, falling back to 1 default profile: "default"
2025-06-04 22:04:27 [main] INFO  o.s.d.r.c.RepositoryConfigurationDelegate - Bootstrapping Spring Data JPA repositories in DEFAULT mode.
2025-06-04 22:04:27 [main] INFO  o.s.d.r.c.RepositoryConfigurationDelegate - Finished Spring Data repository scanning in 39 ms. Found 3 JPA repository interfaces.
2025-06-04 22:04:27 [main] INFO  o.s.b.w.e.tomcat.TomcatWebServer - Tomcat initialized with port(s): 8080 (http)
2025-06-04 22:04:27 [main] INFO  o.a.coyote.http11.Http11NioProtocol - Initializing ProtocolHandler ["http-nio-8080"]
2025-06-04 22:04:27 [main] INFO  o.a.catalina.core.StandardService - Starting service [Tomcat]
2025-06-04 22:04:27 [main] INFO  o.a.catalina.core.StandardEngine - Starting Servlet engine: [Apache Tomcat/9.0.68]
2025-06-04 22:04:27 [main] INFO  o.a.c.c.C.[Tomcat].[localhost].[/] - Initializing Spring embedded WebApplicationContext
2025-06-04 22:04:27 [main] INFO  o.s.b.w.s.c.ServletWebServerApplicationContext - Root WebApplicationContext: initialization completed in 1055 ms
2025-06-04 22:04:27 [main] INFO  o.h.jpa.internal.util.LogHelper - HHH000204: Processing PersistenceUnitInfo [name: default]
2025-06-04 22:04:27 [main] INFO  org.hibernate.Version - HHH000412: Hibernate ORM core version 5.6.12.Final
2025-06-04 22:04:27 [main] INFO  o.h.annotations.common.Version - HCANN000001: Hibernate Commons Annotations {5.1.2.Final}
2025-06-04 22:04:28 [main] INFO  com.zaxxer.hikari.HikariDataSource - HikariPool-1 - Starting...
2025-06-04 22:04:28 [main] INFO  com.zaxxer.hikari.HikariDataSource - HikariPool-1 - Start completed.
2025-06-04 22:04:28 [main] INFO  org.hibernate.dialect.Dialect - HHH000400: Using dialect: org.hibernate.dialect.MySQL8Dialect
2025-06-04 22:04:28 [main] INFO  o.h.e.t.j.p.i.JtaPlatformInitiator - HHH000490: Using JtaPlatform implementation: [org.hibernate.engine.transaction.jta.platform.internal.NoJtaPlatform]
2025-06-04 22:04:28 [main] INFO  o.s.o.j.LocalContainerEntityManagerFactoryBean - Initialized JPA EntityManagerFactory for persistence unit 'default'
2025-06-04 22:04:28 [main] WARN  o.s.b.a.o.j.JpaBaseConfiguration$JpaWebConfiguration - spring.jpa.open-in-view is enabled by default. Therefore, database queries may be performed during view rendering. Explicitly configure spring.jpa.open-in-view to disable this warning
2025-06-04 22:04:28 [main] WARN  o.s.b.a.s.s.UserDetailsServiceAutoConfiguration - 

Using generated security password: 6df2a22d-7980-4984-bc65-0a1b31a81912

This generated password is for development use only. Your security configuration must be updated before running your application in production.

2025-06-04 22:04:29 [main] INFO  o.s.s.web.DefaultSecurityFilterChain - Will secure any request with [org.springframework.security.web.session.DisableEncodeUrlFilter@41d84abb, org.springframework.security.web.context.request.async.WebAsyncManagerIntegrationFilter@54087bdb, org.springframework.security.web.context.SecurityContextPersistenceFilter@aaa7000, org.springframework.security.web.header.HeaderWriterFilter@7d563c13, org.springframework.security.web.authentication.logout.LogoutFilter@2648aa1b, com.app.health.tracking.HealthTracking.jwt.AccessLoggingFilter@6968bcec, com.app.health.tracking.HealthTracking.jwt.TokenValidationFilter@281ca256, org.springframework.security.web.savedrequest.RequestCacheAwareFilter@58d79479, org.springframework.security.web.servletapi.SecurityContextHolderAwareRequestFilter@3794b7b1, org.springframework.security.web.authentication.AnonymousAuthenticationFilter@587f6634, org.springframework.security.web.session.SessionManagementFilter@46d51d5e, org.springframework.security.web.access.ExceptionTranslationFilter@31940d6b, org.springframework.security.web.access.intercept.FilterSecurityInterceptor@38ad86b1]
2025-06-04 22:04:29 [main] WARN  o.s.b.a.t.ThymeleafAutoConfiguration$DefaultTemplateResolverConfiguration - Cannot find template location: classpath:/templates/ (please add some templates, check your Thymeleaf configuration, or set spring.thymeleaf.check-template-location=false)
2025-06-04 22:04:29 [main] INFO  o.a.coyote.http11.Http11NioProtocol - Starting ProtocolHandler ["http-nio-8080"]
2025-06-04 22:04:29 [main] INFO  o.s.b.w.e.tomcat.TomcatWebServer - Tomcat started on port(s): 8080 (http) with context path ''
2025-06-04 22:04:29 [main] INFO  c.a.h.t.H.HealthTrackingApplication - Started HealthTrackingApplication in 3.553 seconds (JVM running for 4.659)
2025-06-04 22:04:32 [http-nio-8080-exec-1] INFO  o.a.c.c.C.[Tomcat].[localhost].[/] - Initializing Spring DispatcherServlet 'dispatcherServlet'
2025-06-04 22:04:32 [http-nio-8080-exec-1] INFO  o.s.web.servlet.DispatcherServlet - Initializing Servlet 'dispatcherServlet'
2025-06-04 22:04:32 [http-nio-8080-exec-1] INFO  o.s.web.servlet.DispatcherServlet - Completed initialization in 1 ms
2025-06-04 22:04:32 [http-nio-8080-exec-1] INFO  c.a.h.t.H.service.AuthService - Successfully logged in user: nam123 with new refresh token
2025-06-04 22:05:01 [http-nio-8080-exec-3] ERROR c.a.h.t.H.jwt.TokenValidationFilter - Invalid token provided for request to: /api/users/me
2025-06-04 22:05:09 [http-nio-8080-exec-5] INFO  c.a.h.t.H.service.AuthService - Successfully logged in user: hade267 with new refresh token
2025-06-04 22:05:21 [http-nio-8080-exec-6] ERROR c.a.h.t.H.jwt.TokenValidationFilter - Invalid token provided for request to: /api/users/me
2025-06-04 22:05:23 [http-nio-8080-exec-7] ERROR c.a.h.t.H.jwt.TokenValidationFilter - Invalid token provided for request to: /api/users/me
2025-06-04 22:05:28 [http-nio-8080-exec-8] INFO  c.a.h.t.H.service.AuthService - Successfully logged in user: hade267 with new refresh token
2025-06-04 22:05:34 [http-nio-8080-exec-9] INFO  c.a.h.t.H.c.HealthDataController - Successfully fetched details for userId: 1
2025-06-04 22:11:01 [SpringApplicationShutdownHook] INFO  o.s.o.j.LocalContainerEntityManagerFactoryBean - Closing JPA EntityManagerFactory for persistence unit 'default'
2025-06-04 22:11:01 [SpringApplicationShutdownHook] INFO  com.zaxxer.hikari.HikariDataSource - HikariPool-1 - Shutdown initiated...
2025-06-04 22:11:01 [SpringApplicationShutdownHook] INFO  com.zaxxer.hikari.HikariDataSource - HikariPool-1 - Shutdown completed.
2025-06-04 22:11:03 [background-preinit] INFO  o.h.validator.internal.util.Version - HV000001: Hibernate Validator 6.2.5.Final
2025-06-04 22:11:03 [main] INFO  c.a.h.t.H.HealthTrackingApplication - Starting HealthTrackingApplication using Java 11.0.27 on hade267 with PID 12372 (C:\Users\nam26\Documents\DoAn_App_TheoDoi_SucKhoe\HealthTracking\target\classes started by nam26 in C:\Users\nam26\Documents\DoAn_App_TheoDoi_SucKhoe\HealthTracking)
2025-06-04 22:11:03 [main] INFO  c.a.h.t.H.HealthTrackingApplication - No active profile set, falling back to 1 default profile: "default"
2025-06-04 22:11:04 [main] INFO  o.s.d.r.c.RepositoryConfigurationDelegate - Bootstrapping Spring Data JPA repositories in DEFAULT mode.
2025-06-04 22:11:04 [main] INFO  o.s.d.r.c.RepositoryConfigurationDelegate - Finished Spring Data repository scanning in 48 ms. Found 3 JPA repository interfaces.
2025-06-04 22:11:04 [main] INFO  o.s.b.w.e.tomcat.TomcatWebServer - Tomcat initialized with port(s): 8080 (http)
2025-06-04 22:11:04 [main] INFO  o.a.coyote.http11.Http11NioProtocol - Initializing ProtocolHandler ["http-nio-8080"]
2025-06-04 22:11:04 [main] INFO  o.a.catalina.core.StandardService - Starting service [Tomcat]
2025-06-04 22:11:04 [main] INFO  o.a.catalina.core.StandardEngine - Starting Servlet engine: [Apache Tomcat/9.0.68]
2025-06-04 22:11:04 [main] INFO  o.a.c.c.C.[Tomcat].[localhost].[/] - Initializing Spring embedded WebApplicationContext
2025-06-04 22:11:04 [main] INFO  o.s.b.w.s.c.ServletWebServerApplicationContext - Root WebApplicationContext: initialization completed in 1458 ms
2025-06-04 22:11:05 [main] INFO  o.h.jpa.internal.util.LogHelper - HHH000204: Processing PersistenceUnitInfo [name: default]
2025-06-04 22:11:05 [main] INFO  org.hibernate.Version - HHH000412: Hibernate ORM core version 5.6.12.Final
2025-06-04 22:11:05 [main] INFO  o.h.annotations.common.Version - HCANN000001: Hibernate Commons Annotations {5.1.2.Final}
2025-06-04 22:11:05 [main] INFO  com.zaxxer.hikari.HikariDataSource - HikariPool-1 - Starting...
2025-06-04 22:11:05 [main] INFO  com.zaxxer.hikari.HikariDataSource - HikariPool-1 - Start completed.
2025-06-04 22:11:05 [main] INFO  org.hibernate.dialect.Dialect - HHH000400: Using dialect: org.hibernate.dialect.MySQL8Dialect
2025-06-04 22:11:06 [main] INFO  o.h.e.t.j.p.i.JtaPlatformInitiator - HHH000490: Using JtaPlatform implementation: [org.hibernate.engine.transaction.jta.platform.internal.NoJtaPlatform]
2025-06-04 22:11:06 [main] INFO  o.s.o.j.LocalContainerEntityManagerFactoryBean - Initialized JPA EntityManagerFactory for persistence unit 'default'
2025-06-04 22:11:06 [main] WARN  o.s.b.a.o.j.JpaBaseConfiguration$JpaWebConfiguration - spring.jpa.open-in-view is enabled by default. Therefore, database queries may be performed during view rendering. Explicitly configure spring.jpa.open-in-view to disable this warning
2025-06-04 22:11:06 [main] WARN  o.s.b.a.s.s.UserDetailsServiceAutoConfiguration - 

Using generated security password: 278d41f2-3321-49a2-a95c-4dc91acb9824

This generated password is for development use only. Your security configuration must be updated before running your application in production.

2025-06-04 22:11:06 [main] INFO  o.s.s.web.DefaultSecurityFilterChain - Will secure any request with [org.springframework.security.web.session.DisableEncodeUrlFilter@6f95654c, org.springframework.security.web.context.request.async.WebAsyncManagerIntegrationFilter@271a140c, org.springframework.security.web.context.SecurityContextPersistenceFilter@43b2e7db, org.springframework.security.web.header.HeaderWriterFilter@744db9fb, org.springframework.security.web.authentication.logout.LogoutFilter@5d84b088, com.app.health.tracking.HealthTracking.jwt.AccessLoggingFilter@12a470dd, com.app.health.tracking.HealthTracking.jwt.TokenValidationFilter@7112fa5, org.springframework.security.web.savedrequest.RequestCacheAwareFilter@530df3ab, org.springframework.security.web.servletapi.SecurityContextHolderAwareRequestFilter@700202fa, org.springframework.security.web.authentication.AnonymousAuthenticationFilter@74c23525, org.springframework.security.web.session.SessionManagementFilter@da11873, org.springframework.security.web.access.ExceptionTranslationFilter@5af641d3, org.springframework.security.web.access.intercept.FilterSecurityInterceptor@682fe17b]
2025-06-04 22:11:07 [main] WARN  o.s.b.a.t.ThymeleafAutoConfiguration$DefaultTemplateResolverConfiguration - Cannot find template location: classpath:/templates/ (please add some templates, check your Thymeleaf configuration, or set spring.thymeleaf.check-template-location=false)
2025-06-04 22:11:07 [main] INFO  o.a.coyote.http11.Http11NioProtocol - Starting ProtocolHandler ["http-nio-8080"]
2025-06-04 22:11:07 [main] INFO  o.s.b.w.e.tomcat.TomcatWebServer - Tomcat started on port(s): 8080 (http) with context path ''
2025-06-04 22:11:07 [main] INFO  c.a.h.t.H.HealthTrackingApplication - Started HealthTrackingApplication in 4.207 seconds (JVM running for 5.393)
2025-06-04 22:11:15 [http-nio-8080-exec-1] INFO  o.a.c.c.C.[Tomcat].[localhost].[/] - Initializing Spring DispatcherServlet 'dispatcherServlet'
2025-06-04 22:11:15 [http-nio-8080-exec-1] INFO  o.s.web.servlet.DispatcherServlet - Initializing Servlet 'dispatcherServlet'
2025-06-04 22:11:15 [http-nio-8080-exec-1] INFO  o.s.web.servlet.DispatcherServlet - Completed initialization in 1 ms
2025-06-04 22:11:15 [http-nio-8080-exec-1] INFO  c.a.h.t.H.service.AuthService - Successfully registered user: hade267 with refresh token
2025-06-04 22:11:59 [http-nio-8080-exec-3] INFO  c.a.h.t.H.service.AuthService - Successfully logged in user: hade267 with new refresh token
2025-06-04 22:12:09 [http-nio-8080-exec-4] INFO  c.a.h.t.H.c.HealthDataController - Successfully fetched details for userId: 1
2025-06-04 22:12:24 [http-nio-8080-exec-6] INFO  c.a.h.t.H.service.AuthService - Successfully logged in user: hade267 with new refresh token
2025-06-04 22:14:37 [http-nio-8080-exec-10] INFO  c.a.h.t.H.c.HealthDataController - Successfully fetched details for userId: 1
2025-06-04 22:16:12 [SpringApplicationShutdownHook] INFO  o.s.o.j.LocalContainerEntityManagerFactoryBean - Closing JPA EntityManagerFactory for persistence unit 'default'
2025-06-04 22:16:12 [SpringApplicationShutdownHook] INFO  com.zaxxer.hikari.HikariDataSource - HikariPool-1 - Shutdown initiated...
2025-06-04 22:16:12 [SpringApplicationShutdownHook] INFO  com.zaxxer.hikari.HikariDataSource - HikariPool-1 - Shutdown completed.
2025-06-04 22:16:17 [main] INFO  c.a.h.t.H.HealthTrackingApplication - Starting HealthTrackingApplication using Java 11.0.27 on hade267 with PID 8828 (C:\Users\nam26\Documents\DoAn_App_TheoDoi_SucKhoe\HealthTracking\target\classes started by nam26 in C:\Users\nam26\Documents\DoAn_App_TheoDoi_SucKhoe\HealthTracking)
2025-06-04 22:16:17 [background-preinit] INFO  o.h.validator.internal.util.Version - HV000001: Hibernate Validator 6.2.5.Final
2025-06-04 22:16:17 [main] INFO  c.a.h.t.H.HealthTrackingApplication - No active profile set, falling back to 1 default profile: "default"
2025-06-04 22:16:17 [main] INFO  o.s.d.r.c.RepositoryConfigurationDelegate - Bootstrapping Spring Data JPA repositories in DEFAULT mode.
2025-06-04 22:16:17 [main] INFO  o.s.d.r.c.RepositoryConfigurationDelegate - Finished Spring Data repository scanning in 33 ms. Found 3 JPA repository interfaces.
2025-06-04 22:16:18 [main] INFO  o.s.b.w.e.tomcat.TomcatWebServer - Tomcat initialized with port(s): 8080 (http)
2025-06-04 22:16:18 [main] INFO  o.a.coyote.http11.Http11NioProtocol - Initializing ProtocolHandler ["http-nio-8080"]
2025-06-04 22:16:18 [main] INFO  o.a.catalina.core.StandardService - Starting service [Tomcat]
2025-06-04 22:16:18 [main] INFO  o.a.catalina.core.StandardEngine - Starting Servlet engine: [Apache Tomcat/9.0.68]
2025-06-04 22:16:18 [main] INFO  o.a.c.c.C.[Tomcat].[localhost].[/] - Initializing Spring embedded WebApplicationContext
2025-06-04 22:16:18 [main] INFO  o.s.b.w.s.c.ServletWebServerApplicationContext - Root WebApplicationContext: initialization completed in 1200 ms
2025-06-04 22:16:18 [main] INFO  o.h.jpa.internal.util.LogHelper - HHH000204: Processing PersistenceUnitInfo [name: default]
2025-06-04 22:16:18 [main] INFO  org.hibernate.Version - HHH000412: Hibernate ORM core version 5.6.12.Final
2025-06-04 22:16:18 [main] INFO  o.h.annotations.common.Version - HCANN000001: Hibernate Commons Annotations {5.1.2.Final}
2025-06-04 22:16:18 [main] INFO  com.zaxxer.hikari.HikariDataSource - HikariPool-1 - Starting...
2025-06-04 22:16:18 [main] INFO  com.zaxxer.hikari.HikariDataSource - HikariPool-1 - Start completed.
2025-06-04 22:16:18 [main] INFO  org.hibernate.dialect.Dialect - HHH000400: Using dialect: org.hibernate.dialect.MySQL8Dialect
2025-06-04 22:16:19 [main] INFO  o.h.e.t.j.p.i.JtaPlatformInitiator - HHH000490: Using JtaPlatform implementation: [org.hibernate.engine.transaction.jta.platform.internal.NoJtaPlatform]
2025-06-04 22:16:19 [main] INFO  o.s.o.j.LocalContainerEntityManagerFactoryBean - Initialized JPA EntityManagerFactory for persistence unit 'default'
2025-06-04 22:16:19 [main] WARN  o.s.b.a.o.j.JpaBaseConfiguration$JpaWebConfiguration - spring.jpa.open-in-view is enabled by default. Therefore, database queries may be performed during view rendering. Explicitly configure spring.jpa.open-in-view to disable this warning
2025-06-04 22:16:19 [main] WARN  o.s.b.a.s.s.UserDetailsServiceAutoConfiguration - 

Using generated security password: a0bbe162-6e1f-46fb-b35d-909bd1be4597

This generated password is for development use only. Your security configuration must be updated before running your application in production.

2025-06-04 22:16:19 [main] INFO  o.s.s.web.DefaultSecurityFilterChain - Will secure any request with [org.springframework.security.web.session.DisableEncodeUrlFilter@38ad86b1, org.springframework.security.web.context.request.async.WebAsyncManagerIntegrationFilter@73ff7a54, org.springframework.security.web.context.SecurityContextPersistenceFilter@36857d32, org.springframework.security.web.header.HeaderWriterFilter@45375bdf, org.springframework.security.web.authentication.logout.LogoutFilter@58c36104, com.app.health.tracking.HealthTracking.jwt.AccessLoggingFilter@77f991c, com.app.health.tracking.HealthTracking.jwt.TokenValidationFilter@7112fa5, org.springframework.security.web.savedrequest.RequestCacheAwareFilter@2ae88712, org.springframework.security.web.servletapi.SecurityContextHolderAwareRequestFilter@530df3ab, org.springframework.security.web.authentication.AnonymousAuthenticationFilter@375ff309, org.springframework.security.web.session.SessionManagementFilter@1ea19c97, org.springframework.security.web.access.ExceptionTranslationFilter@7535307c, org.springframework.security.web.access.intercept.FilterSecurityInterceptor@43549c6c]
2025-06-04 22:16:19 [main] WARN  o.s.b.a.t.ThymeleafAutoConfiguration$DefaultTemplateResolverConfiguration - Cannot find template location: classpath:/templates/ (please add some templates, check your Thymeleaf configuration, or set spring.thymeleaf.check-template-location=false)
2025-06-04 22:16:20 [main] INFO  o.a.coyote.http11.Http11NioProtocol - Starting ProtocolHandler ["http-nio-8080"]
2025-06-04 22:16:20 [main] INFO  o.s.b.w.e.tomcat.TomcatWebServer - Tomcat started on port(s): 8080 (http) with context path ''
2025-06-04 22:16:20 [main] INFO  c.a.h.t.H.HealthTrackingApplication - Started HealthTrackingApplication in 3.29 seconds (JVM running for 4.025)
2025-06-04 22:16:24 [http-nio-8080-exec-1] INFO  o.a.c.c.C.[Tomcat].[localhost].[/] - Initializing Spring DispatcherServlet 'dispatcherServlet'
2025-06-04 22:16:24 [http-nio-8080-exec-1] INFO  o.s.web.servlet.DispatcherServlet - Initializing Servlet 'dispatcherServlet'
2025-06-04 22:16:24 [http-nio-8080-exec-1] INFO  o.s.web.servlet.DispatcherServlet - Completed initialization in 0 ms
2025-06-04 22:16:24 [http-nio-8080-exec-1] INFO  c.a.h.t.H.c.HealthDataController - Successfully fetched details for userId: 1
2025-06-04 22:16:33 [http-nio-8080-exec-3] ERROR c.a.h.t.H.jwt.TokenValidationFilter - Invalid token provided for request to: /api/users/me
2025-06-04 22:16:37 [http-nio-8080-exec-4] ERROR c.a.h.t.H.jwt.TokenValidationFilter - Invalid token provided for request to: /api/users/me
2025-06-04 22:17:20 [http-nio-8080-exec-9] INFO  c.a.h.t.H.service.AuthService - Successfully registered user: nam123 with refresh token
2025-06-04 22:17:21 [http-nio-8080-exec-5] INFO  c.a.h.t.H.service.AuthService - Successfully logged in user: nam123 with new refresh token
2025-06-04 22:17:23 [http-nio-8080-exec-8] INFO  c.a.h.t.H.c.HealthDataController - Successfully fetched details for userId: 2
2025-06-04 22:39:25 [SpringApplicationShutdownHook] INFO  o.s.o.j.LocalContainerEntityManagerFactoryBean - Closing JPA EntityManagerFactory for persistence unit 'default'
2025-06-04 22:39:25 [SpringApplicationShutdownHook] INFO  com.zaxxer.hikari.HikariDataSource - HikariPool-1 - Shutdown initiated...
2025-06-04 22:39:25 [SpringApplicationShutdownHook] INFO  com.zaxxer.hikari.HikariDataSource - HikariPool-1 - Shutdown completed.
